0 info it worked if it ends with ok
1 verbose cli [ 'node', '/usr/bin/npm', 'start' ]
2 info using npm@3.7.3
3 info using node@v0.12.10
4 verbose node symlink /usr/bin/node
5 verbose run-script [ 'prestart', 'start', 'poststart' ]
6 info lifecycle admin@~prestart: admin@
7 silly lifecycle admin@~prestart: no script for prestart, continuing
8 info lifecycle admin@~start: admin@
9 verbose lifecycle admin@~start: unsafe-perm in lifecycle true
10 verbose lifecycle admin@~start: PATH: /usr/lib/node_modules/npm/bin/node-gyp-bin:/home/suddha/projects/SlipbeepApp/admin/node_modules/.bin:/usr/bin:/home/suddha/.rvm/gems/ruby-2.1.5/bin:/home/suddha/.rvm/gems/ruby-2.1.5@global/bin:/home/suddha/.rvm/rubies/ruby-2.1.5/bin:/usr/local/sbin:/usr/local/bin:/usr/sbin:/usr/bin:/sbin:/bin:/usr/games:/usr/local/games:/home/suddha/.rvm/bin:/home/suddha/.rvm/bin
11 verbose lifecycle admin@~start: CWD: /home/suddha/projects/SlipbeepApp/admin
12 silly lifecycle admin@~start: Args: [ '-c', 'npm install mongoose,nodemon server.js' ]
13 silly lifecycle admin@~start: Returned: code: 254  signal: null
14 info lifecycle admin@~start: Failed to exec start script
15 verbose stack Error: admin@ start: `npm install mongoose,nodemon server.js`
15 verbose stack Exit status 254
15 verbose stack     at EventEmitter.<anonymous> (/usr/lib/node_modules/npm/lib/utils/lifecycle.js:239:16)
15 verbose stack     at EventEmitter.emit (events.js:110:17)
15 verbose stack     at ChildProcess.<anonymous> (/usr/lib/node_modules/npm/lib/utils/spawn.js:24:14)
15 verbose stack     at ChildProcess.emit (events.js:110:17)
15 verbose stack     at maybeClose (child_process.js:1016:16)
15 verbose stack     at Process.ChildProcess._handle.onexit (child_process.js:1088:5)
16 verbose pkgid admin@
17 verbose cwd /home/suddha/projects/SlipbeepApp/admin
18 error Linux 3.19.0-42-generic
19 error argv "node" "/usr/bin/npm" "start"
20 error node v0.12.10
21 error npm  v3.7.3
22 error code ELIFECYCLE
23 error admin@ start: `npm install mongoose,nodemon server.js`
23 error Exit status 254
24 error Failed at the admin@ start script 'npm install mongoose,nodemon server.js'.
24 error Make sure you have the latest version of node.js and npm installed.
24 error If you do, this is most likely a problem with the admin package,
24 error not with npm itself.
24 error Tell the author that this fails on your system:
24 error     npm install mongoose,nodemon server.js
24 error You can get information on how to open an issue for this project with:
24 error     npm bugs admin
24 error Or if that isn't available, you can get their info via:
24 error     npm owner ls admin
24 error There is likely additional logging output above.
25 verbose exit [ 1, true ]
